<?xml version="1.0" encoding="UTF-8"?>
<!-- Generated by org.testng.reporters.JUnitReportReporter -->
<testsuite hostname="DESKTOP-P6MK8TL" failures="0" tests="1" name="AdvanceSelenium.JustPractice1" time="0.010" errors="0" timestamp="2023-01-02T13:09:42 IST" skipped="0">
  <testcase classname="AdvanceSelenium.JustPractice1" name="add" time="0.010"/>
  <system-out>
overrider  </system-out>
</testsuite> <!-- AdvanceSelenium.JustPractice1 -->
