<?xml version="1.0" encoding="UTF-8"?>
<!-- Generated by org.testng.reporters.JUnitReportReporter -->
<testsuite hostname="DESKTOP-P6MK8TL" failures="0" tests="10" name="AdvanceSelenium.TestCaseId" time="19.701" errors="0" timestamp="2023-01-03T13:35:29 IST" skipped="0">
  <testcase classname="AdvanceSelenium.TestCaseId" name="add1" time="0.009"/>
  <system-out>
add1 report  </system-out>
  <testcase classname="AdvanceSelenium.TestCaseId" name="meghanaFoods" time="3.767"/>
  <system-out/>
  <testcase classname="AdvanceSelenium.TestCaseId" name="meghanaFoods" time="4.724"/>
  <system-out/>
  <testcase classname="AdvanceSelenium.TestCaseId" name="meghanaFoods" time="4.740"/>
  <system-out/>
  <testcase classname="AdvanceSelenium.TestCaseId" name="meghanaFoods" time="2.509"/>
  <system-out/>
  <testcase classname="AdvanceSelenium.TestCaseId" name="meghanaFoods" time="3.947"/>
  <system-out/>
  <testcase classname="AdvanceSelenium.TestCaseId" name="sub" time="0.001"/>
  <system-out/>
  <testcase classname="AdvanceSelenium.TestCaseId" name="mul" time="0.001"/>
  <system-out/>
  <testcase classname="AdvanceSelenium.TestCaseId" name="div" time="0.001"/>
  <system-out/>
  <testcase classname="AdvanceSelenium.TestCaseId" name="fact" time="0.002"/>
  <system-out/>
</testsuite> <!-- AdvanceSelenium.TestCaseId -->
