<?xml version="1.0" encoding="UTF-8"?>
<!-- Generated by org.testng.reporters.JUnitReportReporter -->
<testsuite hostname="DESKTOP-P6MK8TL" failures="0" tests="1" name="commodes.TC_Commodes_001" time="36.010" errors="0" timestamp="2023-01-21T19:28:16 IST" skipped="0">
  <testcase classname="commodes.TC_Commodes_001" name="meghanaFoods" time="36.010"/>
  <system-out/>
</testsuite> <!-- commodes.TC_Commodes_001 -->
