<?xml version="1.0" encoding="UTF-8"?>
<!-- Generated by org.testng.reporters.JUnitReportReporter -->
<testsuite hostname="DESKTOP-P6MK8TL" failures="0" tests="1" name="asserts.ToExploreHardAssert" time="14.366" errors="0" timestamp="2023-01-12T12:28:37 IST" skipped="0">
  <testcase classname="asserts.ToExploreHardAssert" name="loginAsAdmin" time="14.366"/>
  <system-out/>
</testsuite> <!-- asserts.ToExploreHardAssert -->
