<?xml version="1.0" encoding="UTF-8"?>
<!-- Generated by org.testng.reporters.JUnitReportReporter -->
<testsuite hostname="DESKTOP-P6MK8TL" failures="0" tests="2" name="foods.TC_Foods_002" time="4.913" errors="0" timestamp="2023-01-21T19:28:16 IST" skipped="0">
  <testcase classname="foods.TC_Foods_002" name="meghanaFoods" time="4.901"/>
  <system-out/>
  <testcase classname="foods.TC_Foods_002" name="add" time="0.012"/>
  <system-out/>
</testsuite> <!-- foods.TC_Foods_002 -->
