<?xml version="1.0" encoding="UTF-8"?>
<!-- Generated by org.testng.reporters.JUnitReportReporter -->
<testsuite hostname="DESKTOP-P6MK8TL" failures="0" tests="2" name="foods.TC_Foods_7" time="9.630" errors="0" timestamp="2023-01-22T11:55:45 IST" skipped="0">
  <testcase classname="foods.TC_Foods_7" name="meghanaFoods" time="4.815"/>
  <system-out/>
  <testcase classname="foods.TC_Foods_7" name="meghanaFoods" time="4.815"/>
  <system-out/>
</testsuite> <!-- foods.TC_Foods_7 -->
