<?xml version="1.0" encoding="UTF-8"?>
<!-- Generated by org.testng.reporters.JUnitReportReporter -->
<testsuite hostname="DESKTOP-P6MK8TL" failures="0" tests="1" name="asserts.ToExploreSoftAssertInFirelawn" time="11.358" errors="0" timestamp="2023-01-12T14:43:07 IST" skipped="0">
  <testcase classname="asserts.ToExploreSoftAssertInFirelawn" name="loginPage" time="11.358"/>
  <system-out/>
</testsuite> <!-- asserts.ToExploreSoftAssertInFirelawn -->
