<?xml version="1.0" encoding="UTF-8"?>
<!-- Generated by org.testng.reporters.JUnitReportReporter -->
<testsuite hostname="DESKTOP-P6MK8TL" failures="0" tests="1" name="AdvanceSelenium.JustPractice" time="0.009" errors="0" timestamp="2023-01-02T15:30:26 IST" skipped="0">
  <testcase classname="AdvanceSelenium.JustPractice" name="add" time="0.009"/>
  <system-out/>
</testsuite> <!-- AdvanceSelenium.JustPractice -->
