<?xml version="1.0" encoding="UTF-8"?>
<!-- Generated by org.testng.reporters.JUnitReportReporter -->
<testsuite hostname="DESKTOP-P6MK8TL" failures="0" tests="2" name="AdvanceSelenium.DataProviderFromExcel" time="30.900" errors="0" timestamp="2023-01-11T12:08:43 IST" skipped="0">
  <testcase classname="AdvanceSelenium.DataProviderFromExcel" name="actiTimeLogin" time="15.533"/>
  <system-out/>
  <testcase classname="AdvanceSelenium.DataProviderFromExcel" name="actiTimeLogin" time="15.367"/>
  <system-out/>
</testsuite> <!-- AdvanceSelenium.DataProviderFromExcel -->
