<?xml version="1.0" encoding="UTF-8"?>
<!-- Generated by org.testng.reporters.JUnitReportReporter -->
<testsuite hostname="DESKTOP-P6MK8TL" failures="0" tests="2" name="foods.TC_Foods_5" time="17.856" errors="0" timestamp="2023-01-22T11:55:45 IST" skipped="0">
  <testcase classname="foods.TC_Foods_5" name="meghanaFoods" time="8.888"/>
  <system-out/>
  <testcase classname="foods.TC_Foods_5" name="meghanaFoods" time="8.968"/>
  <system-out/>
</testsuite> <!-- foods.TC_Foods_5 -->
