<?xml version="1.0" encoding="UTF-8"?>
<!-- Generated by org.testng.reporters.JUnitReportReporter -->
<testsuite hostname="DESKTOP-P6MK8TL" failures="0" tests="5" name="dataProvider.ToLaunchUrlsFromExcel" time="54.938" errors="0" timestamp="2023-01-11T12:39:52 IST" skipped="0">
  <testcase classname="dataProvider.ToLaunchUrlsFromExcel" name="actiTimeLogin" time="9.535"/>
  <system-out/>
  <testcase classname="dataProvider.ToLaunchUrlsFromExcel" name="actiTimeLogin" time="9.365"/>
  <system-out/>
  <testcase classname="dataProvider.ToLaunchUrlsFromExcel" name="actiTimeLogin" time="9.456"/>
  <system-out/>
  <testcase classname="dataProvider.ToLaunchUrlsFromExcel" name="actiTimeLogin" time="16.984"/>
  <system-out/>
  <testcase classname="dataProvider.ToLaunchUrlsFromExcel" name="actiTimeLogin" time="9.598"/>
  <system-out/>
</testsuite> <!-- dataProvider.ToLaunchUrlsFromExcel -->
