<?xml version="1.0" encoding="UTF-8"?>
<!-- Generated by org.testng.reporters.JUnitReportReporter -->
<testsuite hostname="DESKTOP-P6MK8TL" failures="0" tests="2" name="dataProvider.ToGetDataFromExcelForActitime" time="13.758" errors="0" timestamp="2023-01-11T12:43:41 IST" skipped="0">
  <testcase classname="dataProvider.ToGetDataFromExcelForActitime" name="actiTimeLogin" time="6.812"/>
  <system-out/>
  <testcase classname="dataProvider.ToGetDataFromExcelForActitime" name="actiTimeLogin" time="6.946"/>
  <system-out/>
</testsuite> <!-- dataProvider.ToGetDataFromExcelForActitime -->
