<?xml version="1.0" encoding="UTF-8"?>
<!-- Generated by org.testng.reporters.JUnitReportReporter -->
<testsuite hostname="DESKTOP-P6MK8TL" failures="0" tests="1" name="foods.TC_Foods_003" time="38.075" errors="0" timestamp="2023-01-21T19:28:16 IST" skipped="0">
  <testcase classname="foods.TC_Foods_003" name="meghanaFoods" time="38.075"/>
  <system-out/>
</testsuite> <!-- foods.TC_Foods_003 -->
