<?xml version="1.0" encoding="UTF-8"?>
<!-- Generated by org.testng.reporters.JUnitReportReporter -->
<testsuite hostname="DESKTOP-P6MK8TL" failures="0" tests="5" name="AdvanceSelenium.ToExploreOnDependencyOnMethods" time="0.029" errors="0" timestamp="2023-01-10T10:57:46 IST" skipped="0">
  <testcase classname="AdvanceSelenium.ToExploreOnDependencyOnMethods" name="modifyAccount" time="0.001"/>
  <system-out>
from create account  </system-out>
  <testcase classname="AdvanceSelenium.ToExploreOnDependencyOnMethods" name="transferAccount" time="0.003"/>
  <system-out>
from create account  </system-out>
  <testcase classname="AdvanceSelenium.ToExploreOnDependencyOnMethods" name="register" time="0.004"/>
  <system-out>
from create account  </system-out>
  <testcase classname="AdvanceSelenium.ToExploreOnDependencyOnMethods" name="deleteAccount" time="0.004"/>
  <system-out>
from create account  </system-out>
  <testcase classname="AdvanceSelenium.ToExploreOnDependencyOnMethods" name="createAccount" time="0.017"/>
  <system-out>
from create account  </system-out>
</testsuite> <!-- AdvanceSelenium.ToExploreOnDependencyOnMethods -->
